2023-09-24 19:04:46 0 [Note] Starting MariaDB 10.11.5-MariaDB source revision 7875294b6b74b53dd3aaa723e6cc103d2bb47b2c as process 140
2023-09-24 19:04:47 0 [Note] InnoDB: Compressed tables use zlib 1.2.13
2023-09-24 19:04:47 0 [Note] InnoDB: Number of transaction pools: 1
2023-09-24 19:04:47 0 [Note] InnoDB: Using crc32 + pclmulqdq instructions
2023-09-24 19:04:47 0 [Note] mariadbd: O_TMPFILE is not supported on /var/tmp (disabling future attempts)
2023-09-24 19:04:47 0 [Note] InnoDB: Using Linux native AIO
2023-09-24 19:04:47 0 [Note] InnoDB: Initializing buffer pool, total size = 128.000MiB, chunk size = 2.000MiB
2023-09-24 19:04:47 0 [Note] InnoDB: Completed initialization of buffer pool
2023-09-24 19:04:48 0 [Note] InnoDB: Buffered log writes (block size=512 bytes)
2023-09-24 19:05:04 0 [Note] InnoDB: Read redo log up to LSN=46422
2023-09-24 19:05:04 0 [Note] InnoDB: End of log at LSN=46438
2023-09-24 19:05:04 0 [Note] InnoDB: 128 rollback segments are active.
2023-09-24 19:05:04 0 [Note] InnoDB: Setting file './ibtmp1' size to 12.000MiB. Physically writing the file full; Please wait ...
2023-09-24 19:05:04 0 [Note] InnoDB: File './ibtmp1' size is now 12.000MiB.
2023-09-24 19:05:04 0 [Note] InnoDB: log sequence number 46438; transaction id 14
2023-09-24 19:05:04 0 [Note] Plugin 'FEEDBACK' is disabled.
2023-09-24 19:05:04 0 [Note] InnoDB: Loading buffer pool(s) from /var/lib/mysql/ib_buffer_pool
2023-09-24 19:05:04 0 [Note] Server socket created on IP: '0.0.0.0'.
2023-09-24 19:05:04 0 [Note] InnoDB: Buffer pool(s) load completed at 230924 19:05:04
2023-09-24 19:05:04 0 [Note] /usr/bin/mariadbd: ready for connections.
Version: '10.11.5-MariaDB'  socket: '/run/mysqld/mysqld.sock'  port: 3306  Alpine Linux
2023-09-24 19:05:04 0 [Note] /usr/bin/mariadbd (initiated by: root[root] @ localhost []): Normal shutdown
2023-09-24 19:05:04 0 [Note] InnoDB: FTS optimize thread exiting.
2023-09-24 19:05:04 0 [Note] InnoDB: Starting shutdown...
2023-09-24 19:05:04 0 [Note] InnoDB: Dumping buffer pool(s) to /var/lib/mysql/ib_buffer_pool
2023-09-24 19:05:04 0 [Note] InnoDB: Buffer pool(s) dump completed at 230924 19:05:04
2023-09-24 19:05:05 0 [Note] InnoDB: Removed temporary tablespace data file: "./ibtmp1"
2023-09-24 19:05:05 0 [Note] InnoDB: Shutdown completed; log sequence number 46438; transaction id 15
2023-09-24 19:05:05 0 [Note] /usr/bin/mariadbd: Shutdown complete

2023-09-24 19:05:06 0 [Note] Starting MariaDB 10.11.5-MariaDB source revision 7875294b6b74b53dd3aaa723e6cc103d2bb47b2c as process 266
2023-09-24 19:05:06 0 [Note] InnoDB: Compressed tables use zlib 1.2.13
2023-09-24 19:05:06 0 [Note] InnoDB: Number of transaction pools: 1
2023-09-24 19:05:06 0 [Note] InnoDB: Using crc32 + pclmulqdq instructions
2023-09-24 19:05:06 0 [Note] mariadbd: O_TMPFILE is not supported on /var/tmp (disabling future attempts)
2023-09-24 19:05:06 0 [Note] InnoDB: Using Linux native AIO
2023-09-24 19:05:06 0 [Note] InnoDB: Initializing buffer pool, total size = 128.000MiB, chunk size = 2.000MiB
2023-09-24 19:05:06 0 [Note] InnoDB: Completed initialization of buffer pool
2023-09-24 19:05:06 0 [Note] InnoDB: Buffered log writes (block size=512 bytes)
2023-09-24 19:05:06 0 [Note] InnoDB: End of log at LSN=46438
2023-09-24 19:05:06 0 [Note] InnoDB: 128 rollback segments are active.
2023-09-24 19:05:06 0 [Note] InnoDB: Setting file './ibtmp1' size to 12.000MiB. Physically writing the file full; Please wait ...
2023-09-24 19:05:06 0 [Note] InnoDB: File './ibtmp1' size is now 12.000MiB.
2023-09-24 19:05:06 0 [Note] InnoDB: log sequence number 46438; transaction id 14
2023-09-24 19:05:06 0 [Note] Plugin 'FEEDBACK' is disabled.
2023-09-24 19:05:06 0 [Note] InnoDB: Loading buffer pool(s) from /var/lib/mysql/ib_buffer_pool
2023-09-24 19:05:06 0 [Note] Server socket created on IP: '0.0.0.0'.
2023-09-24 19:05:06 0 [Note] InnoDB: Buffer pool(s) load completed at 230924 19:05:06
2023-09-24 19:05:06 0 [Note] /usr/bin/mariadbd: ready for connections.
Version: '10.11.5-MariaDB'  socket: '/run/mysqld/mysqld.sock'  port: 3306  Alpine Linux
